<?xml version="1.0" encoding="UTF-8"?>
<Site BuildName="(empty)"
	BuildStamp="20240724-1531-Experimental"
	Name="Robosobo"
	Generator="ctest-3.16.3"
	CompilerName="/usr/bin/c++"
	CompilerVersion="9.4.0"
	OSName="Linux"
	Hostname="Robosobo"
	OSRelease="5.15.0-113-generic"
	OSVersion="#123~20.04.1-Ubuntu SMP Wed Jun 12 17:33:13 UTC 2024"
	OSPlatform="x86_64"
	Is64Bits="1"
	VendorString="GenuineIntel"
	VendorID="Intel Corporation"
	FamilyID="6"
	ModelID="154"
	ProcessorCacheSize="12288"
	NumberOfLogicalCPU="16"
	NumberOfPhysicalCPU="12"
	TotalVirtualMemory="14034"
	TotalPhysicalMemory="15673"
	LogicalProcessorsPerPhysical="1"
	ProcessorClockFrequency="3514.96"
	>
	<Testing>
		<StartDateTime>Jul 24 21:01 IST</StartDateTime>
		<StartTestTime>1721835106</StartTestTime>
		<TestList/>
		<EndDateTime>Jul 24 21:01 IST</EndDateTime>
		<EndTestTime>1721835106</EndTestTime>
		<ElapsedMinutes>0</ElapsedMinutes>
	</Testing>
</Site>
